# JRE version: Java(TM) SE Runtime Environment (8.0_45-b14) (build 1.8.0_45-b14)
# Java VM: Java HotSpot(TM) 64-Bit Server VM (25.45-b02 mixed mode linux-amd64 compressed oops)
Heap:
 PSYoungGen      total 495616K, used 0K [0x00000000d6d80000, 0x00000000ffb80000, 0x0000000100000000)
  eden space 330752K, 0% used [0x00000000d6d80000,0x00000000d6d80000,0x00000000eb080000)
  from space 164864K, 0% used [0x00000000f5a80000,0x00000000f5a80000,0x00000000ffb80000)
  to   space 169472K, 0% used [0x00000000eb080000,0x00000000eb080000,0x00000000f5600000)
 ParOldGen       total 390144K, used 389058K [0x0000000084800000, 0x000000009c500000, 0x00000000d6d80000)
  object space 390144K, 99% used [0x0000000084800000,0x000000009c3f08a0,0x000000009c500000)
 Metaspace       used 45890K, capacity 47390K, committed 47488K, reserved 1091584K
  class space    used 5613K, capacity 5934K, committed 6016K, reserved 1048576K
GC Heap History (10 events):
Event: 26.641 GC heap after
Heap after GC invocations=16 (full 4):
 PSYoungGen      total 501760K, used 39870K [0x00000000d6d80000, 0x0000000100000000, 0x0000000100000000)
  eden space 438784K, 0% used [0x00000000d6d80000,0x00000000d6d80000,0x00000000f1a00000)
  from space 62976K, 63% used [0x00000000f9700000,0x00000000fbdefa18,0x00000000fd480000)
  to   space 117760K, 0% used [0x00000000f1a00000,0x00000000f1a00000,0x00000000f8d00000)
 ParOldGen       total 385024K, used 211964K [0x0000000084800000, 0x000000009c000000, 0x00000000d6d80000)
  object space 385024K, 55% used [0x0000000084800000,0x00000000916ff3c0,0x000000009c000000)
 Metaspace       used 45597K, capacity 46844K, committed 47104K, reserved 1091584K
  class space    used 5579K, capacity 5875K, committed 5888K, reserved 1048576K
}
Event: 28.602 GC heap before
{Heap before GC invocations=17 (full 4):
 PSYoungGen      total 501760K, used 478654K [0x00000000d6d80000, 0x0000000100000000, 0x0000000100000000)
  eden space 438784K, 100% used [0x00000000d6d80000,0x00000000f1a00000,0x00000000f1a00000)
  from space 62976K, 63% used [0x00000000f9700000,0x00000000fbdefa18,0x00000000fd480000)
  to   space 117760K, 0% used [0x00000000f1a00000,0x00000000f1a00000,0x00000000f8d00000)
 ParOldGen       total 385024K, used 211964K [0x0000000084800000, 0x000000009c000000, 0x00000000d6d80000)
  object space 385024K, 55% used [0x0000000084800000,0x00000000916ff3c0,0x000000009c000000)
 Metaspace       used 45839K, capacity 47262K, committed 47488K, reserved 1091584K
  class space    used 5613K, capacity 5934K, committed 6016K, reserved 1048576K
Event: 28.964 GC heap after
Heap after GC invocations=17 (full 4):
 PSYoungGen      total 556544K, used 117758K [0x00000000d6d80000, 0x0000000100000000, 0x0000000100000000)
  eden space 438784K, 0% used [0x00000000d6d80000,0x00000000d6d80000,0x00000000f1a00000)
  from space 117760K, 99% used [0x00000000f1a00000,0x00000000f8cff910,0x00000000f8d00000)
  to   space 117760K, 0% used [0x00000000f8d00000,0x00000000f8d00000,0x0000000100000000)
 ParOldGen       total 385024K, used 247397K [0x0000000084800000, 0x000000009c000000, 0x00000000d6d80000)
  object space 385024K, 64% used [0x0000000084800000,0x0000000093999748,0x000000009c000000)
 Metaspace       used 45839K, capacity 47262K, committed 47488K, reserved 1091584K
  class space    used 5613K, capacity 5934K, committed 6016K, reserved 1048576K
}
Event: 31.181 GC heap before
{Heap before GC invocations=18 (full 4):
 PSYoungGen      total 556544K, used 556542K [0x00000000d6d80000, 0x0000000100000000, 0x0000000100000000)
  eden space 438784K, 100% used [0x00000000d6d80000,0x00000000f1a00000,0x00000000f1a00000)
  from space 117760K, 99% used [0x00000000f1a00000,0x00000000f8cff910,0x00000000f8d00000)
  to   space 117760K, 0% used [0x00000000f8d00000,0x00000000f8d00000,0x0000000100000000)
 ParOldGen       total 385024K, used 247397K [0x0000000084800000, 0x000000009c000000, 0x00000000d6d80000)
  object space 385024K, 64% used [0x0000000084800000,0x0000000093999748,0x000000009c000000)
 Metaspace       used 45885K, capacity 47390K, committed 47488K, reserved 1091584K
  class space    used 5613K, capacity 5934K, committed 6016K, reserved 1048576K
Event: 33.789 GC heap after
Heap after GC invocations=18 (full 4):
 PSYoungGen      total 443904K, used 117728K [0x00000000d6d80000, 0x0000000100000000, 0x0000000100000000)
  eden space 326144K, 0% used [0x00000000d6d80000,0x00000000d6d80000,0x00000000eac00000)
  from space 117760K, 99% used [0x00000000f8d00000,0x00000000ffff8010,0x0000000100000000)
  to   space 174080K, 0% used [0x00000000eac00000,0x00000000eac00000,0x00000000f5600000)
 ParOldGen       total 385024K, used 271869K [0x0000000084800000, 0x000000009c000000, 0x00000000d6d80000)
  object space 385024K, 70% used [0x0000000084800000,0x000000009517f410,0x000000009c000000)
 Metaspace       used 45885K, capacity 47390K, committed 47488K, reserved 1091584K
  class space    used 5613K, capacity 5934K, committed 6016K, reserved 1048576K
}
Event: 33.982 GC heap before
{Heap before GC invocations=19 (full 4):
 PSYoungGen      total 443904K, used 443872K [0x00000000d6d80000, 0x0000000100000000, 0x0000000100000000)
  eden space 326144K, 100% used [0x00000000d6d80000,0x00000000eac00000,0x00000000eac00000)
  from space 117760K, 99% used [0x00000000f8d00000,0x00000000ffff8010,0x0000000100000000)
  to   space 174080K, 0% used [0x00000000eac00000,0x00000000eac00000,0x00000000f5600000)
 ParOldGen       total 385024K, used 271869K [0x0000000084800000, 0x000000009c000000, 0x00000000d6d80000)
  object space 385024K, 70% used [0x0000000084800000,0x000000009517f410,0x000000009c000000)
 Metaspace       used 45890K, capacity 47390K, committed 47488K, reserved 1091584K
  class space    used 5613K, capacity 5934K, committed 6016K, reserved 1048576K
Event: 34.319 GC heap after
Heap after GC invocations=19 (full 4):
 PSYoungGen      total 500224K, used 78976K [0x00000000d6d80000, 0x0000000100000000, 0x0000000100000000)
  eden space 326144K, 0% used [0x00000000d6d80000,0x00000000d6d80000,0x00000000eac00000)
  from space 174080K, 45% used [0x00000000eac00000,0x00000000ef920020,0x00000000f5600000)
  to   space 169472K, 0% used [0x00000000f5a80000,0x00000000f5a80000,0x0000000100000000)
 ParOldGen       total 385024K, used 311077K [0x0000000084800000, 0x000000009c000000, 0x00000000d6d80000)
  object space 385024K, 80% used [0x0000000084800000,0x00000000977c9410,0x000000009c000000)
 Metaspace       used 45890K, capacity 47390K, committed 47488K, reserved 1091584K
  class space    used 5613K, capacity 5934K, committed 6016K, reserved 1048576K
}
Event: 34.476 GC heap before
{Heap before GC invocations=20 (full 4):
 PSYoungGen      total 500224K, used 405120K [0x00000000d6d80000, 0x0000000100000000, 0x0000000100000000)
  eden space 326144K, 100% used [0x00000000d6d80000,0x00000000eac00000,0x00000000eac00000)
  from space 174080K, 45% used [0x00000000eac00000,0x00000000ef920020,0x00000000f5600000)
  to   space 169472K, 0% used [0x00000000f5a80000,0x00000000f5a80000,0x0000000100000000)
 ParOldGen       total 385024K, used 311077K [0x0000000084800000, 0x000000009c000000, 0x00000000d6d80000)
  object space 385024K, 80% used [0x0000000084800000,0x00000000977c9410,0x000000009c000000)
 Metaspace       used 45890K, capacity 47390K, committed 47488K, reserved 1091584K
  class space    used 5613K, capacity 5934K, committed 6016K, reserved 1048576K
Event: 34.690 GC heap after
Heap after GC invocations=20 (full 4):
 PSYoungGen      total 495616K, used 576K [0x00000000d6d80000, 0x00000000ffb80000, 0x0000000100000000)
  eden space 330752K, 0% used [0x00000000d6d80000,0x00000000d6d80000,0x00000000eb080000)
  from space 164864K, 0% used [0x00000000f5a80000,0x00000000f5b10010,0x00000000ffb80000)
  to   space 169472K, 0% used [0x00000000eb080000,0x00000000eb080000,0x00000000f5600000)
 ParOldGen       total 390144K, used 389964K [0x0000000084800000, 0x000000009c500000, 0x00000000d6d80000)
  object space 390144K, 99% used [0x0000000084800000,0x000000009c4d3130,0x000000009c500000)
 Metaspace       used 45890K, capacity 47390K, committed 47488K, reserved 1091584K
  class space    used 5613K, capacity 5934K, committed 6016K, reserved 1048576K
}
Event: 34.692 GC heap before
{Heap before GC invocations=21 (full 5):
 PSYoungGen      total 495616K, used 576K [0x00000000d6d80000, 0x00000000ffb80000, 0x0000000100000000)
  eden space 330752K, 0% used [0x00000000d6d80000,0x00000000d6d80000,0x00000000eb080000)
  from space 164864K, 0% used [0x00000000f5a80000,0x00000000f5b10010,0x00000000ffb80000)
  to   space 169472K, 0% used [0x00000000eb080000,0x00000000eb080000,0x00000000f5600000)
 ParOldGen       total 390144K, used 389964K [0x0000000084800000, 0x000000009c500000, 0x00000000d6d80000)
  object space 390144K, 99% used [0x0000000084800000,0x000000009c4d3130,0x000000009c500000)
 Metaspace       used 45890K, capacity 47390K, committed 47488K, reserved 1091584K
  class space    used 5613K, capacity 5934K, committed 6016K, reserved 1048576K

